<?xml version="1.0" encoding="UTF-8"?>
<!-- Generated by org.testng.reporters.JUnitReportReporter -->
<testsuite hostname="DESKTOP-GB5O4QS" name="automationTestNG.hover" tests="1" failures="0" timestamp="9 Apr 2019 17:23:36 GMT" time="32.235" errors="0">
  <testcase name="main" time="32.235" classname="automationTestNG.hover"/>
</testsuite> <!-- automationTestNG.hover -->
