<?xml version="1.0" encoding="UTF-8"?>
<!-- Generated by org.testng.reporters.JUnitReportReporter -->
<testsuite hostname="DESKTOP-GB5O4QS" name="automationTestNG.test" tests="1" failures="0" timestamp="11 Apr 2019 07:04:59 GMT" time="17.095" errors="0">
  <testcase name="main" time="17.095" classname="automationTestNG.test"/>
</testsuite> <!-- automationTestNG.test -->
