<?xml version="1.0" encoding="UTF-8"?>
<!-- Generated by org.testng.reporters.JUnitReportReporter -->
<testsuite hostname="DESKTOP-GB5O4QS" name="automationTestNG.exportExcel" tests="2" failures="0" timestamp="7 Apr 2019 08:50:19 GMT" time="31.986" errors="0">
  <testcase name="test" time="16.636" classname="automationTestNG.exportExcel"/>
  <testcase name="test" time="15.350" classname="automationTestNG.exportExcel"/>
</testsuite> <!-- automationTestNG.exportExcel -->
