<?xml version="1.0" encoding="UTF-8"?>
<!-- Generated by org.testng.reporters.JUnitReportReporter -->
<testsuite hostname="DESKTOP-GB5O4QS" name="automationTestNG.loginFacebook" tests="1" failures="0" timestamp="9 Apr 2019 15:29:57 GMT" time="16.199" errors="0">
  <testcase name="main" time="16.199" classname="automationTestNG.loginFacebook"/>
</testsuite> <!-- automationTestNG.loginFacebook -->
