<?xml version="1.0" encoding="UTF-8"?>
<!-- Generated by org.testng.reporters.JUnitReportReporter -->
<testsuite hostname="DESKTOP-GB5O4QS" name="automationTestNG.Shopee" tests="1" failures="0" timestamp="9 Apr 2019 15:06:11 GMT" time="2.771" errors="0">
  <testcase name="main" time="2.771" classname="automationTestNG.Shopee"/>
</testsuite> <!-- automationTestNG.Shopee -->
