<?xml version="1.0" encoding="UTF-8"?>
<!-- Generated by org.testng.reporters.JUnitReportReporter -->
<testsuite hostname="DESKTOP-GB5O4QS" name="automationTestNG.CreateAccount" tests="1" failures="0" timestamp="9 Apr 2019 14:43:52 GMT" time="7.420" errors="0">
  <testcase name="main" time="7.420" classname="automationTestNG.CreateAccount"/>
</testsuite> <!-- automationTestNG.CreateAccount -->
