<?xml version="1.0" encoding="UTF-8"?>
<!-- Generated by org.testng.reporters.JUnitReportReporter -->
<testsuite hostname="DESKTOP-GB5O4QS" name="automationTestNG.testParameters" tests="1" failures="0" timestamp="30 Apr 2019 13:53:15 GMT" time="17.456" errors="0">
  <testcase name="test" time="17.456" classname="automationTestNG.testParameters"/>
</testsuite> <!-- automationTestNG.testParameters -->
