<?xml version="1.0" encoding="UTF-8"?>
<!-- Generated by org.testng.reporters.JUnitReportReporter -->
<testsuite hostname="DESKTOP-GB5O4QS" name="automationTestNG.checklist" tests="1" failures="0" timestamp="9 Apr 2019 16:20:23 GMT" time="5.654" errors="0">
  <testcase name="main" time="5.654" classname="automationTestNG.checklist"/>
</testsuite> <!-- automationTestNG.checklist -->
