<?xml version="1.0" encoding="UTF-8"?>
<!-- Generated by org.testng.reporters.JUnitReportReporter -->
<testsuite hostname="DESKTOP-GB5O4QS" name="exportTest.TestngParameters" tests="1" failures="0" timestamp="30 Apr 2019 15:23:44 GMT" time="12.002" errors="0">
  <testcase name="test" time="12.002" classname="exportTest.TestngParameters"/>
</testsuite> <!-- exportTest.TestngParameters -->
