<?xml version="1.0" encoding="UTF-8"?>
<!-- Generated by org.testng.reporters.JUnitReportReporter -->
<testsuite hostname="DESKTOP-GB5O4QS" name="automationTestNG.loginFacebook" tests="1" failures="0" timestamp="13 Apr 2019 12:33:39 GMT" time="14.962" errors="0">
  <testcase name="main" time="14.962" classname="automationTestNG.loginFacebook"/>
</testsuite> <!-- automationTestNG.loginFacebook -->
